<?xml version="1.0" encoding="UTF-8"?>
<testng-results ignored="1" total="2" passed="1" failed="0" skipped="0">
  <reporter-output>
  </reporter-output>
  <suite started-at="2023-01-19T10:52:01 IST" name="Default suite" finished-at="2023-01-19T10:52:01 IST" duration-ms="36">
    <groups>
    </groups>
    <test started-at="2023-01-19T10:52:01 IST" name="Default test" finished-at="2023-01-19T10:52:01 IST" duration-ms="36">
      <class name="demo.DEmo">
        <test-method signature="test1()[pri:0, instance:demo.DEmo@482bce4f]" started-at="2023-01-19T10:52:01 IST" name="test1" finished-at="2023-01-19T10:52:01 IST" duration-ms="6" status="PASS">
          <reporter-output>
          </reporter-output>
        </test-method> <!-- test1 -->
      </class> <!-- demo.DEmo -->
    </test> <!-- Default test -->
  </suite> <!-- Default suite -->
</testng-results>
