<?xml version="1.0" encoding="UTF-8"?>
<testng-results ignored="0" total="1" passed="1" failed="0" skipped="0">
  <reporter-output>
  </reporter-output>
  <suite started-at="2023-01-17T11:20:14 IST" name="Default suite" finished-at="2023-01-17T11:20:14 IST" duration-ms="88">
    <groups>
    </groups>
    <test started-at="2023-01-17T11:20:14 IST" name="Default test" finished-at="2023-01-17T11:20:14 IST" duration-ms="88">
      <class name="demo.CreateOrgTest">
        <test-method signature="test1()[pri:0, instance:demo.CreateOrgTest@19d481b]" started-at="2023-01-17T11:20:14 IST" name="test1" finished-at="2023-01-17T11:20:14 IST" duration-ms="18" status="PASS">
          <reporter-output>
          </reporter-output>
        </test-method> <!-- test1 -->
      </class> <!-- demo.CreateOrgTest -->
    </test> <!-- Default test -->
  </suite> <!-- Default suite -->
</testng-results>
